<?xml version="1.0" encoding="UTF-8"?>
<testng-results ignored="0" total="1" passed="1" failed="0" skipped="0">
  <reporter-output>
  </reporter-output>
  <suite started-at="2022-08-09T02:08:03 EEST" name="Default suite" finished-at="2022-08-09T02:08:05 EEST" duration-ms="1643">
    <groups>
    </groups>
    <test started-at="2022-08-09T02:08:03 EEST" name="Default test" finished-at="2022-08-09T02:08:05 EEST" duration-ms="1643">
      <class name="ToolsQATutorial.JSONResponse">
        <test-method signature="UserRegistrationSuccessful()[pri:0, instance:ToolsQATutorial.JSONResponse@2ed2d9cb]" started-at="2022-08-09T02:08:03 EEST" name="UserRegistrationSuccessful" finished-at="2022-08-09T02:08:05 EEST" duration-ms="1594" status="PASS">
          <reporter-output>
          </reporter-output>
        </test-method> <!-- UserRegistrationSuccessful -->
      </class> <!-- ToolsQATutorial.JSONResponse -->
    </test> <!-- Default test -->
  </suite> <!-- Default suite -->
</testng-results>
